<?xml version="1.0" encoding="UTF-8"?>
<testsuite xmlns:xsi="http://www.w3.org/2001/XMLSchema-instance" xsi:noNamespaceSchemaLocation="https://maven.apache.org/surefire/maven-surefire-plugin/xsd/surefire-test-report.xsd" name="core.PrimeNumberCheckerTest" time="1.258" tests="20" errors="0" skipped="0" failures="0">
  <properties>
    <property name="java.runtime.name" value="Java(TM) SE Runtime Environment"/>
    <property name="sun.boot.library.path" value="/Library/Java/JavaVirtualMachines/jdk1.8.0_112.jdk/Contents/Home/jre/lib"/>
    <property name="java.vm.version" value="25.112-b16"/>
    <property name="gopherProxySet" value="false"/>
    <property name="java.vm.vendor" value="Oracle Corporation"/>
    <property name="maven.multiModuleProjectDirectory" value="/Users/val/workspace/HW_35"/>
    <property name="java.vendor.url" value="http://java.oracle.com/"/>
    <property name="path.separator" value=":"/>
    <property name="guice.disable.misplaced.annotation.check" value="true"/>
    <property name="java.vm.name" value="Java HotSpot(TM) 64-Bit Server VM"/>
    <property name="file.encoding.pkg" value="sun.io"/>
    <property name="user.country" value="US"/>
    <property name="sun.java.launcher" value="SUN_STANDARD"/>
    <property name="sun.os.patch.level" value="unknown"/>
    <property name="test" value="PrimeNumberCheckerTest"/>
    <property name="java.vm.specification.name" value="Java Virtual Machine Specification"/>
    <property name="user.dir" value="/Users/val/workspace/HW_35"/>
    <property name="java.runtime.version" value="1.8.0_112-b16"/>
    <property name="java.awt.graphicsenv" value="sun.awt.CGraphicsEnvironment"/>
    <property name="java.endorsed.dirs" value="/Library/Java/JavaVirtualMachines/jdk1.8.0_112.jdk/Contents/Home/jre/lib/endorsed"/>
    <property name="os.arch" value="x86_64"/>
    <property name="java.io.tmpdir" value="/var/folders/2v/vnn7j31552b2fn369vdmqff00000gn/T/"/>
    <property name="line.separator" value="&#10;"/>
    <property name="java.vm.specification.vendor" value="Oracle Corporation"/>
    <property name="os.name" value="Mac OS X"/>
    <property name="classworlds.conf" value="/usr/local/maven/apache-maven-3.3.9/bin/m2.conf"/>
    <property name="sun.jnu.encoding" value="UTF-8"/>
    <property name="java.library.path" value="/Users/val/Library/Java/Extensions:/Library/Java/Extensions:/Network/Library/Java/Extensions:/System/Library/Java/Extensions:/usr/lib/java:."/>
    <property name="java.specification.name" value="Java Platform API Specification"/>
    <property name="java.class.version" value="52.0"/>
    <property name="sun.management.compiler" value="HotSpot 64-Bit Tiered Compilers"/>
    <property name="os.version" value="10.12.5"/>
    <property name="http.nonProxyHosts" value="local|*.local|169.254/16|*.169.254/16"/>
    <property name="user.home" value="/Users/val"/>
    <property name="user.timezone" value="America/Los_Angeles"/>
    <property name="java.awt.printerjob" value="sun.lwawt.macosx.CPrinterJob"/>
    <property name="java.specification.version" value="1.8"/>
    <property name="file.encoding" value="UTF-8"/>
    <property name="user.name" value="val"/>
    <property name="java.class.path" value="/usr/local/maven/apache-maven-3.3.9/boot/plexus-classworlds-2.5.2.jar"/>
    <property name="java.vm.specification.version" value="1.8"/>
    <property name="sun.arch.data.model" value="64"/>
    <property name="java.home" value="/Library/Java/JavaVirtualMachines/jdk1.8.0_112.jdk/Contents/Home/jre"/>
    <property name="sun.java.command" value="org.codehaus.plexus.classworlds.launcher.Launcher clean site -Dtest=PrimeNumberCheckerTest"/>
    <property name="java.specification.vendor" value="Oracle Corporation"/>
    <property name="user.language" value="en"/>
    <property name="awt.toolkit" value="sun.lwawt.macosx.LWCToolkit"/>
    <property name="java.vm.info" value="mixed mode"/>
    <property name="java.version" value="1.8.0_112"/>
    <property name="java.ext.dirs" value="/Users/val/Library/Java/Extensions:/Library/Java/JavaVirtualMachines/jdk1.8.0_112.jdk/Contents/Home/jre/lib/ext:/Library/Java/Extensions:/Network/Library/Java/Extensions:/System/Library/Java/Extensions:/usr/lib/java"/>
    <property name="sun.boot.class.path" value="/Library/Java/JavaVirtualMachines/jdk1.8.0_112.jdk/Contents/Home/jre/lib/resources.jar:/Library/Java/JavaVirtualMachines/jdk1.8.0_112.jdk/Contents/Home/jre/lib/rt.jar:/Library/Java/JavaVirtualMachines/jdk1.8.0_112.jdk/Contents/Home/jre/lib/sunrsasign.jar:/Library/Java/JavaVirtualMachines/jdk1.8.0_112.jdk/Contents/Home/jre/lib/jsse.jar:/Library/Java/JavaVirtualMachines/jdk1.8.0_112.jdk/Contents/Home/jre/lib/jce.jar:/Library/Java/JavaVirtualMachines/jdk1.8.0_112.jdk/Contents/Home/jre/lib/charsets.jar:/Library/Java/JavaVirtualMachines/jdk1.8.0_112.jdk/Contents/Home/jre/lib/jfr.jar:/Library/Java/JavaVirtualMachines/jdk1.8.0_112.jdk/Contents/Home/jre/classes"/>
    <property name="java.vendor" value="Oracle Corporation"/>
    <property name="maven.home" value="/usr/local/maven/apache-maven-3.3.9"/>
    <property name="file.separator" value="/"/>
    <property name="java.vendor.url.bug" value="http://bugreport.sun.com/bugreport/"/>
    <property name="sun.cpu.endian" value="little"/>
    <property name="sun.io.unicode.encoding" value="UnicodeBig"/>
    <property name="socksNonProxyHosts" value="local|*.local|169.254/16|*.169.254/16"/>
    <property name="ftp.nonProxyHosts" value="local|*.local|169.254/16|*.169.254/16"/>
    <property name="sun.cpu.isalist" value=""/>
  </properties>
  <testcase name="&quot;TC-01.01 (2 - Prime number)" classname="core.PrimeNumberCheckerTest" time="0.302"/>
  <testcase name="&quot;TC-01.02 (3 - Prime number)" classname="core.PrimeNumberCheckerTest" time="0.002"/>
  <testcase name="&quot;TC-01.03 (4 - Not prime number)" classname="core.PrimeNumberCheckerTest" time="0.004"/>
  <testcase name="&quot;TC-01.04 (5 - Prime number)" classname="core.PrimeNumberCheckerTest" time="0.002"/>
  <testcase name="&quot;TC-01.05 (6 - Not prime number)" classname="core.PrimeNumberCheckerTest" time="0.003"/>
  <testcase name="&quot;TC-01.06 (7 - Prime number)" classname="core.PrimeNumberCheckerTest" time="0.005"/>
  <testcase name="&quot;TC-01.07 (8 - Not prime number)" classname="core.PrimeNumberCheckerTest" time="0.002"/>
  <testcase name="&quot;TC-01.08 (9 - Not prime number)" classname="core.PrimeNumberCheckerTest" time="0.002"/>
  <testcase name="&quot;TC-01.09 (10 - Not prime number)" classname="core.PrimeNumberCheckerTest" time="0.002"/>
  <testcase name="&quot;TC-01.10 (11 - Prime number)" classname="core.PrimeNumberCheckerTest" time="0.002"/>
  <testcase name="&quot;TC-01.11 (12 - Not prime number)" classname="core.PrimeNumberCheckerTest" time="0.002"/>
  <testcase name="&quot;TC-01.12 (13 - Prime number)" classname="core.PrimeNumberCheckerTest" time="0.001"/>
  <testcase name="&quot;TC-01.13 (14 - Not prime number)" classname="core.PrimeNumberCheckerTest" time="0.001"/>
  <testcase name="&quot;TC-01.14 (15 - Not prime number)" classname="core.PrimeNumberCheckerTest" time="0.001"/>
  <testcase name="&quot;TC-01.15 (16 - Not prime number)" classname="core.PrimeNumberCheckerTest" time="0.001"/>
  <testcase name="&quot;TC-01.16 (17 - Prime number)" classname="core.PrimeNumberCheckerTest" time="0.003"/>
  <testcase name="&quot;TC-01.17 (18 - Not prime number)" classname="core.PrimeNumberCheckerTest" time="0.001"/>
  <testcase name="&quot;TC-01.18 (19 - Prime number)" classname="core.PrimeNumberCheckerTest" time="0.002"/>
  <testcase name="&quot;TC-01.19 (20 - Not prime number)" classname="core.PrimeNumberCheckerTest" time="0.001"/>
  <testcase name="&quot;TC-01.20 (21 - Not prime number)" classname="core.PrimeNumberCheckerTest" time="0.002"/>
</testsuite>