<?xml version="1.0" encoding="UTF-8"?>
<!-- Generated by org.testng.reporters.JUnitReportReporter -->
<testsuite skipped="0" hostname="gnvl.local" name="core.PrimeNumberCheckerTest" tests="20" failures="0" timestamp="08 Sep 2017 06:02:27 GMT" time="0.365" errors="0">
  <testcase name="test" time="0.304" classname="core.PrimeNumberCheckerTest"/>
  <testcase name="test" time="0.026" classname="core.PrimeNumberCheckerTest"/>
  <testcase name="test" time="0.001" classname="core.PrimeNumberCheckerTest"/>
  <testcase name="test" time="0.002" classname="core.PrimeNumberCheckerTest"/>
  <testcase name="test" time="0.002" classname="core.PrimeNumberCheckerTest"/>
  <testcase name="test" time="0.001" classname="core.PrimeNumberCheckerTest"/>
  <testcase name="test" time="0.004" classname="core.PrimeNumberCheckerTest"/>
  <testcase name="test" time="0.001" classname="core.PrimeNumberCheckerTest"/>
  <testcase name="test" time="0.001" classname="core.PrimeNumberCheckerTest"/>
  <testcase name="test" time="0.002" classname="core.PrimeNumberCheckerTest"/>
  <testcase name="test" time="0.002" classname="core.PrimeNumberCheckerTest"/>
  <testcase name="test" time="0.002" classname="core.PrimeNumberCheckerTest"/>
  <testcase name="test" time="0.001" classname="core.PrimeNumberCheckerTest"/>
  <testcase name="test" time="0.001" classname="core.PrimeNumberCheckerTest"/>
  <testcase name="test" time="0.001" classname="core.PrimeNumberCheckerTest"/>
  <testcase name="test" time="0.002" classname="core.PrimeNumberCheckerTest"/>
  <testcase name="test" time="0.002" classname="core.PrimeNumberCheckerTest"/>
  <testcase name="test" time="0.003" classname="core.PrimeNumberCheckerTest"/>
  <testcase name="test" time="0.006" classname="core.PrimeNumberCheckerTest"/>
  <testcase name="test" time="0.001" classname="core.PrimeNumberCheckerTest"/>
</testsuite> <!-- core.PrimeNumberCheckerTest -->
